<?xml version="1.0" encoding="UTF-8"?>
<!-- Generated by org.testng.reporters.JUnitReportReporter -->
<testsuite hostname="LAPTOP-CQC4P7G6" failures="0" tests="1" name="org.selenium.pom.tests.SearchTest" time="66.819" errors="0" timestamp="2022-09-01T16:00:17 IST" skipped="0">
  <testcase classname="org.selenium.pom.tests.SearchTest" name="searchWithPartialMatch" time="66.819"/>
  <system-out/>
</testsuite> <!-- org.selenium.pom.tests.SearchTest -->
