<?xml version="1.0" encoding="UTF-8"?>
<!-- Generated by org.testng.reporters.JUnitReportReporter -->
<testsuite hostname="LAPTOP-CQC4P7G6" failures="0" tests="2" name="org.selenium.pom.tests.CheckoutTest" time="126.060" errors="0" timestamp="2022-09-01T16:00:17 IST" skipped="0">
  <testcase classname="org.selenium.pom.tests.CheckoutTest" name="GuestCheckoutUsingDirectBankTransfer" time="31.627"/>
  <system-out/>
  <testcase classname="org.selenium.pom.tests.CheckoutTest" name="LoginAndCheckoutUsingDirectBankTransfer" time="94.433"/>
  <system-out/>
</testsuite> <!-- org.selenium.pom.tests.CheckoutTest -->
